Release 10.1.03 - xst K.39 (nt)
Copyright (c) 1995-2008 Xilinx, Inc.  All rights reserved.
--> Parameter TMPDIR set to C:/Documents and Settings/kloftis/Desktop/CENG 450 - KL/count_mem_sch/xst/projnav.tmp


Total REAL time to Xst completion: 0.00 secs
Total CPU time to Xst completion: 0.06 secs
 
--> Parameter xsthdpdir set to C:/Documents and Settings/kloftis/Desktop/CENG 450 - KL/count_mem_sch/xst


Total REAL time to Xst completion: 0.00 secs
Total CPU time to Xst completion: 0.06 secs
 
--> Reading design: count_mem.prj

TABLE OF CONTENTS
  1) Synthesis Options Summary
  2) HDL Compilation
  3) Design Hierarchy Analysis
  4) HDL Analysis
  5) HDL Synthesis
     5.1) HDL Synthesis Report
  6) Advanced HDL Synthesis
     6.1) Advanced HDL Synthesis Report
  7) Low Level Synthesis
  8) Partition Report
  9) Final Report
     9.1) Device utilization summary
     9.2) Partition Resource Summary
     9.3) TIMING REPORT


=========================================================================
*                      Synthesis Options Summary                        *
=========================================================================
---- Source Parameters
Input File Name                    : "count_mem.prj"
Input Format                       : mixed
Ignore Synthesis Constraint File   : NO

---- Target Parameters
Output File Name                   : "count_mem"
Output Format                      : NGC
Target Device                      : xc2s200-6-pq208

---- Source Options
Top Module Name                    : count_mem
Automatic FSM Extraction           : YES
FSM Encoding Algorithm             : Auto
Safe Implementation                : No
FSM Style                          : lut
RAM Extraction                     : Yes
RAM Style                          : Auto
ROM Extraction                     : Yes
Mux Style                          : Auto
Decoder Extraction                 : YES
Priority Encoder Extraction        : YES
Shift Register Extraction          : YES
Logical Shifter Extraction         : YES
XOR Collapsing                     : YES
ROM Style                          : Auto
Mux Extraction                     : YES
Resource Sharing                   : YES
Asynchronous To Synchronous        : NO
Multiplier Style                   : lut
Automatic Register Balancing       : No

---- Target Options
Add IO Buffers                     : YES
Global Maximum Fanout              : 100
Add Generic Clock Buffer(BUFG)     : 4
Register Duplication               : YES
Slice Packing                      : YES
Optimize Instantiated Primitives   : NO
Convert Tristates To Logic         : Yes
Use Clock Enable                   : Yes
Use Synchronous Set                : Yes
Use Synchronous Reset              : Yes
Pack IO Registers into IOBs        : auto
Equivalent register Removal        : YES

---- General Options
Optimization Goal                  : Speed
Optimization Effort                : 1
Library Search Order               : count_mem.lso
Keep Hierarchy                     : NO
Netlist Hierarchy                  : as_optimized
RTL Output                         : Yes
Global Optimization                : AllClockNets
Read Cores                         : YES
Write Timing Constraints           : NO
Cross Clock Analysis               : NO
Hierarchy Separator                : /
Bus Delimiter                      : <>
Case Specifier                     : maintain
Slice Utilization Ratio            : 100
BRAM Utilization Ratio             : 100
Verilog 2001                       : YES
Auto BRAM Packing                  : NO
Slice Utilization Ratio Delta      : 5

=========================================================================


=========================================================================
*                          HDL Compilation                              *
=========================================================================
Compiling vhdl file "C:/Documents and Settings/kloftis/Desktop/CENG 450 - KL/Memory.vhd" in Library work.
Package <prog_mem> compiled.
Entity <Memory> compiled.
Entity <Memory> (Architecture <CFG>) compiled.
Compiling vhdl file "C:/Documents and Settings/kloftis/Desktop/CENG 450 - KL/count_mem_sch/count_mem.vhf" in Library work.
Entity <OBUF8_MXILINX_count_mem> compiled.
Entity <OBUF8_MXILINX_count_mem> (Architecture <BEHAVIORAL>) compiled.
Entity <FTRSE_MXILINX_count_mem> compiled.
Entity <FTRSE_MXILINX_count_mem> (Architecture <BEHAVIORAL>) compiled.
Entity <CB8RE_MXILINX_count_mem> compiled.
Entity <CB8RE_MXILINX_count_mem> (Architecture <BEHAVIORAL>) compiled.
Entity <count_mem> compiled.
Entity <count_mem> (Architecture <BEHAVIORAL>) compiled.

=========================================================================
*                     Design Hierarchy Analysis                         *
=========================================================================
Analyzing hierarchy for entity <count_mem> in library <work> (architecture <BEHAVIORAL>).

Analyzing hierarchy for entity <CB8RE_MXILINX_count_mem> in library <work> (architecture <BEHAVIORAL>).

Analyzing hierarchy for entity <Memory> in library <work> (architecture <CFG>).

Analyzing hierarchy for entity <OBUF8_MXILINX_count_mem> in library <work> (architecture <BEHAVIORAL>).

Analyzing hierarchy for entity <FTRSE_MXILINX_count_mem> in library <work> (architecture <BEHAVIORAL>).


=========================================================================
*                            HDL Analysis                               *
=========================================================================
Analyzing Entity <count_mem> in library <work> (Architecture <BEHAVIORAL>).
WARNING:Xst:753 - "C:/Documents and Settings/kloftis/Desktop/CENG 450 - KL/count_mem_sch/count_mem.vhf" line 427: Unconnected output port 'CEO' of component 'CB8RE_MXILINX_count_mem'.
WARNING:Xst:753 - "C:/Documents and Settings/kloftis/Desktop/CENG 450 - KL/count_mem_sch/count_mem.vhf" line 427: Unconnected output port 'TC' of component 'CB8RE_MXILINX_count_mem'.
    Set user-defined property "HU_SET =  XLXI_1_8" for instance <XLXI_1> in unit <count_mem>.
    Set user-defined property "HU_SET =  XLXI_7_9" for instance <XLXI_7> in unit <count_mem>.
Entity <count_mem> analyzed. Unit <count_mem> generated.

Analyzing Entity <CB8RE_MXILINX_count_mem> in library <work> (Architecture <BEHAVIORAL>).
    Set user-defined property "HU_SET =  I_Q0_7" for instance <I_Q0> in unit <CB8RE_MXILINX_count_mem>.
    Set user-defined property "HU_SET =  I_Q1_6" for instance <I_Q1> in unit <CB8RE_MXILINX_count_mem>.
    Set user-defined property "HU_SET =  I_Q2_5" for instance <I_Q2> in unit <CB8RE_MXILINX_count_mem>.
    Set user-defined property "HU_SET =  I_Q3_4" for instance <I_Q3> in unit <CB8RE_MXILINX_count_mem>.
    Set user-defined property "HU_SET =  I_Q4_3" for instance <I_Q4> in unit <CB8RE_MXILINX_count_mem>.
    Set user-defined property "HU_SET =  I_Q5_2" for instance <I_Q5> in unit <CB8RE_MXILINX_count_mem>.
    Set user-defined property "HU_SET =  I_Q6_1" for instance <I_Q6> in unit <CB8RE_MXILINX_count_mem>.
    Set user-defined property "HU_SET =  I_Q7_0" for instance <I_Q7> in unit <CB8RE_MXILINX_count_mem>.
Entity <CB8RE_MXILINX_count_mem> analyzed. Unit <CB8RE_MXILINX_count_mem> generated.

Analyzing Entity <FTRSE_MXILINX_count_mem> in library <work> (Architecture <BEHAVIORAL>).
    Set user-defined property "INIT =  0" for instance <I_36_35> in unit <FTRSE_MXILINX_count_mem>.
    Set user-defined property "RLOC =  R0C0.S0" for instance <I_36_35> in unit <FTRSE_MXILINX_count_mem>.
Entity <FTRSE_MXILINX_count_mem> analyzed. Unit <FTRSE_MXILINX_count_mem> generated.

Analyzing Entity <Memory> in library <work> (Architecture <CFG>).
Entity <Memory> analyzed. Unit <Memory> generated.

Analyzing Entity <OBUF8_MXILINX_count_mem> in library <work> (Architecture <BEHAVIORAL>).
Entity <OBUF8_MXILINX_count_mem> analyzed. Unit <OBUF8_MXILINX_count_mem> generated.


=========================================================================
*                           HDL Synthesis                               *
=========================================================================

Performing bidirectional port resolution...

Synthesizing Unit <Memory>.
    Related source file is "C:/Documents and Settings/kloftis/Desktop/CENG 450 - KL/Memory.vhd".
    Found 256x8-bit ROM for signal <dout$rom0000> created at line 205.
    Summary:
	inferred   1 ROM(s).
Unit <Memory> synthesized.


Synthesizing Unit <OBUF8_MXILINX_count_mem>.
    Related source file is "C:/Documents and Settings/kloftis/Desktop/CENG 450 - KL/count_mem_sch/count_mem.vhf".
Unit <OBUF8_MXILINX_count_mem> synthesized.


Synthesizing Unit <FTRSE_MXILINX_count_mem>.
    Related source file is "C:/Documents and Settings/kloftis/Desktop/CENG 450 - KL/count_mem_sch/count_mem.vhf".
Unit <FTRSE_MXILINX_count_mem> synthesized.


Synthesizing Unit <CB8RE_MXILINX_count_mem>.
    Related source file is "C:/Documents and Settings/kloftis/Desktop/CENG 450 - KL/count_mem_sch/count_mem.vhf".
Unit <CB8RE_MXILINX_count_mem> synthesized.


Synthesizing Unit <count_mem>.
    Related source file is "C:/Documents and Settings/kloftis/Desktop/CENG 450 - KL/count_mem_sch/count_mem.vhf".
Unit <count_mem> synthesized.


=========================================================================
HDL Synthesis Report

Macro Statistics
# ROMs                                                 : 1
 256x8-bit ROM                                         : 1

=========================================================================

=========================================================================
*                       Advanced HDL Synthesis                          *
=========================================================================

Loading device for application Rf_Device from file 'v200.nph' in environment C:\Xilinx\10.1\ISE.

=========================================================================
Advanced HDL Synthesis Report

Macro Statistics
# ROMs                                                 : 1
 256x8-bit ROM                                         : 1
# Registers                                            : 8
 Flip-Flops                                            : 8

=========================================================================

=========================================================================
*                         Low Level Synthesis                           *
=========================================================================

Optimizing unit <count_mem> ...

Optimizing unit <OBUF8_MXILINX_count_mem> ...

Optimizing unit <FTRSE_MXILINX_count_mem> ...

Optimizing unit <CB8RE_MXILINX_count_mem> ...

Mapping all equations...
Building and optimizing final netlist ...
Found area constraint ratio of 100 (+ 5) on block count_mem, actual ratio is 1.

Final Macro Processing ...

=========================================================================
Final Register Report

Macro Statistics
# Registers                                            : 8
 Flip-Flops                                            : 8

=========================================================================

=========================================================================
*                           Partition Report                             *
=========================================================================

Partition Implementation Status
-------------------------------

  No Partitions were found in this design.

-------------------------------

=========================================================================
*                            Final Report                               *
=========================================================================
Final Results
RTL Top Level Output File Name     : count_mem.ngr
Top Level Output File Name         : count_mem
Output Format                      : NGC
Optimization Goal                  : Speed
Keep Hierarchy                     : NO

Design Statistics
# IOs                              : 11

Cell Usage :
# BELS                             : 85
#      AND2                        : 3
#      AND3                        : 2
#      AND4                        : 2
#      AND5                        : 1
#      GND                         : 1
#      LUT2                        : 8
#      LUT3                        : 15
#      LUT4                        : 21
#      MUXF5                       : 7
#      OR2                         : 16
#      VCC                         : 1
#      XOR2                        : 8
# FlipFlops/Latches                : 8
#      FDRE                        : 8
# IO Buffers                       : 11
#      IBUF                        : 2
#      IBUFG                       : 1
#      OBUF                        : 8
=========================================================================

Device utilization summary:
---------------------------

Selected Device : 2s200pq208-6 

 Number of Slices:                       22  out of   2352     0%  
 Number of Slice Flip Flops:              8  out of   4704     0%  
 Number of 4 input LUTs:                 44  out of   4704     0%  
 Number of IOs:                          11
 Number of bonded IOBs:                  11  out of    140     7%  

---------------------------
Partition Resource Summary:
---------------------------

  No Partitions were found in this design.

---------------------------


=========================================================================
TIMING REPORT

NOTE: THESE TIMING NUMBERS ARE ONLY A SYNTHESIS ESTIMATE.
      FOR ACCURATE TIMING INFORMATION PLEASE REFER TO THE TRACE REPORT
      GENERATED AFTER PLACE-and-ROUTE.

Clock Information:
------------------
-----------------------------------+------------------------+-------+
Clock Signal                       | Clock buffer(FF name)  | Load  |
-----------------------------------+------------------------+-------+
CLK                                | IBUFG                  | 8     |
-----------------------------------+------------------------+-------+

Asynchronous Control Signals Information:
----------------------------------------
No asynchronous control signals found in this design

Timing Summary:
---------------
Speed Grade: -6

   Minimum period: 11.811ns (Maximum Frequency: 84.667MHz)
   Minimum input arrival time before clock: 5.154ns
   Maximum output required time after clock: 14.141ns
   Maximum combinational path delay: No path found

Timing Detail:
--------------
All values displayed in nanoseconds (ns)

=========================================================================
Timing constraint: Default period analysis for Clock 'CLK'
  Clock period: 11.811ns (frequency: 84.667MHz)
  Total number of paths / destination ports: 36 / 8
-------------------------------------------------------------------------
Delay:               11.811ns (Levels of Logic = 5)
  Source:            XLXI_1/I_Q2/I_36_35 (FF)
  Destination:       XLXI_1/I_Q7/I_36_35 (FF)
  Source Clock:      CLK rising
  Destination Clock: CLK rising

  Data Path: XLXI_1/I_Q2/I_36_35 to XLXI_1/I_Q7/I_36_35
                                Gate     Net
    Cell:in->out      fanout   Delay   Delay  Logical Name (Net Name)
    ----------------------------------------  ------------
     FDRE:C->Q            26   1.085   3.150  I_36_35 (Q)
     end scope: 'I_Q2'
     AND4:I1->O            5   0.549   1.566  I_36_23 (T4)
     AND2:I1->O            1   0.549   1.035  I_36_25 (T5)
     begin scope: 'I_Q5'
     XOR2:I0->O            1   0.549   1.035  I_36_32 (TQ)
     OR2:I1->O             1   0.549   1.035  I_36_73 (D_S)
     FDRE:D                    0.709          I_36_35
    ----------------------------------------
    Total                     11.811ns (3.990ns logic, 7.821ns route)
                                       (33.8% logic, 66.2% route)

=========================================================================
Timing constraint: Default OFFSET IN BEFORE for Clock 'CLK'
  Total number of paths / destination ports: 16 / 16
-------------------------------------------------------------------------
Offset:              5.154ns (Levels of Logic = 3)
  Source:            CE (PAD)
  Destination:       XLXI_1/I_Q7/I_36_35 (FF)
  Destination Clock: CLK rising

  Data Path: CE to XLXI_1/I_Q7/I_36_35
                                Gate     Net
    Cell:in->out      fanout   Delay   Delay  Logical Name (Net Name)
    ----------------------------------------  ------------
     IBUF:I->O             9   0.776   1.908  XLXI_3 (XLXN_8)
     begin scope: 'XLXI_1'
     begin scope: 'I_Q7'
     OR2:I0->O             1   0.549   1.035  I_36_77 (CE_S)
     FDRE:CE                   0.886          I_36_35
    ----------------------------------------
    Total                      5.154ns (2.211ns logic, 2.943ns route)
                                       (42.9% logic, 57.1% route)

=========================================================================
Timing constraint: Default OFFSET OUT AFTER for Clock 'CLK'
  Total number of paths / destination ports: 138 / 8
-------------------------------------------------------------------------
Offset:              14.141ns (Levels of Logic = 7)
  Source:            XLXI_1/I_Q2/I_36_35 (FF)
  Destination:       OUT_MEM<6> (PAD)
  Source Clock:      CLK rising

  Data Path: XLXI_1/I_Q2/I_36_35 to OUT_MEM<6>
                                Gate     Net
    Cell:in->out      fanout   Delay   Delay  Logical Name (Net Name)
    ----------------------------------------  ------------
     FDRE:C->Q            26   1.085   3.150  I_36_35 (Q)
     end scope: 'I_Q2'
     end scope: 'XLXI_1'
     LUT3:I2->O            2   0.549   1.206  XLXI_6/Mrom_dout_rom0000381121 (N31)
     LUT4:I3->O            1   0.549   0.000  XLXI_6/Mrom_dout_rom0000341_7 (XLXI_6/Mrom_dout_rom0000341_7)
     MUXF5:I0->O           1   0.315   1.035  XLXI_6/Mrom_dout_rom0000341_5_f5 (XLXI_6/Mrom_dout_rom0000341_5_f5)
     LUT2:I1->O            1   0.549   1.035  XLXN_11<7>61 (XLXN_12<6>)
     begin scope: 'XLXI_7'
     OBUF:I->O                 4.668          I_36_35 (O<6>)
     end scope: 'XLXI_7'
    ----------------------------------------
    Total                     14.141ns (7.715ns logic, 6.426ns route)
                                       (54.6% logic, 45.4% route)

=========================================================================


Total REAL time to Xst completion: 2.00 secs
Total CPU time to Xst completion: 2.80 secs
 
--> 

Total memory usage is 128356 kilobytes

Number of errors   :    0 (   0 filtered)
Number of warnings :    2 (   0 filtered)
Number of infos    :    0 (   0 filtered)

