Release 13.4 Map O.87xd (nt)
Xilinx Mapping Report File for Design 'Processor'

Design Information
------------------
Command Line   : map -intstyle ise -p xc3s1000-fg320-4 -cm area -ir off -pr off
-c 100 -o Processor_map.ncd Processor.ngd Processor.pcf 
Target Device  : xc3s1000
Target Package : fg320
Target Speed   : -4
Mapper Version : spartan3 -- $Revision: 1.55 $
Mapped Date    : Mon Jun 02 16:09:08 2014

Design Summary
--------------
Number of errors   :  16
Number of warnings :   0

Section 1 - Errors
------------------
ERROR:MapLib:30 - LOC constraint P185 on CLK is invalid: No such site on the
   device. To bypass this error set the environment variable 'XIL_MAP_LOCWARN'.
ERROR:MapLib:30 - LOC constraint P21 on IO_INPUT_PORT<2> is invalid: No such
   site on the device. To bypass this error set the environment variable
   'XIL_MAP_LOCWARN'.
ERROR:MapLib:30 - LOC constraint P23 on IO_INPUT_PORT<3> is invalid: No such
   site on the device. To bypass this error set the environment variable
   'XIL_MAP_LOCWARN'.
ERROR:MapLib:30 - LOC constraint P27 on IO_INPUT_PORT<4> is invalid: No such
   site on the device. To bypass this error set the environment variable
   'XIL_MAP_LOCWARN'.
ERROR:MapLib:30 - LOC constraint P30 on IO_INPUT_PORT<5> is invalid: No such
   site on the device. To bypass this error set the environment variable
   'XIL_MAP_LOCWARN'.
ERROR:MapLib:30 - LOC constraint P33 on IO_INPUT_PORT<6> is invalid: No such
   site on the device. To bypass this error set the environment variable
   'XIL_MAP_LOCWARN'.
ERROR:MapLib:30 - LOC constraint P35 on IO_INPUT_PORT<7> is invalid: No such
   site on the device. To bypass this error set the environment variable
   'XIL_MAP_LOCWARN'.
ERROR:MapLib:30 - LOC constraint P44 on IO_OUTPUT_PORT<0> is invalid: No such
   site on the device. To bypass this error set the environment variable
   'XIL_MAP_LOCWARN'.
ERROR:MapLib:30 - LOC constraint P46 on IO_OUTPUT_PORT<1> is invalid: No such
   site on the device. To bypass this error set the environment variable
   'XIL_MAP_LOCWARN'.
ERROR:MapLib:30 - LOC constraint P48 on IO_OUTPUT_PORT<2> is invalid: No such
   site on the device. To bypass this error set the environment variable
   'XIL_MAP_LOCWARN'.
ERROR:MapLib:30 - LOC constraint P57 on IO_OUTPUT_PORT<3> is invalid: No such
   site on the device. To bypass this error set the environment variable
   'XIL_MAP_LOCWARN'.
ERROR:MapLib:30 - LOC constraint P59 on IO_OUTPUT_PORT<4> is invalid: No such
   site on the device. To bypass this error set the environment variable
   'XIL_MAP_LOCWARN'.
ERROR:MapLib:30 - LOC constraint P61 on IO_OUTPUT_PORT<5> is invalid: No such
   site on the device. To bypass this error set the environment variable
   'XIL_MAP_LOCWARN'.
ERROR:MapLib:30 - LOC constraint P63 on IO_OUTPUT_PORT<6> is invalid: No such
   site on the device. To bypass this error set the environment variable
   'XIL_MAP_LOCWARN'.
ERROR:MapLib:30 - LOC constraint P68 on IO_OUTPUT_PORT<7> is invalid: No such
   site on the device. To bypass this error set the environment variable
   'XIL_MAP_LOCWARN'.
ERROR:MapLib:30 - LOC constraint P41 on RST is invalid: No such site on the
   device. To bypass this error set the environment variable 'XIL_MAP_LOCWARN'.

Section 2 - Warnings
--------------------
WARNING:Security:43 - No license file was found in the standard Xilinx license
directory.
WARNING:Security:44 - Since no license file was found,
WARNING:Security:42 - Your software subscription period has lapsed. Your current
version of Xilinx tools will continue to function, but you no longer qualify for
Xilinx software updates or new releases.

Section 3 - Informational
-------------------------
INFO:Security:51 - The XILINXD_LICENSE_FILE environment variable is not set.
INFO:Security:52 - The LM_LICENSE_FILE environment variable is set to
'2100@licserv.cmc.engr.uvic.ca'.
INFO:Security:54 - 'xc3s1000' is a WebPack part.
INFO:MapLib:562 - No environment variables are currently set.

Section 4 - Removed Logic Summary
---------------------------------

Section 5 - Removed Logic
-------------------------
