iMPACT Version: 10.1.03

iMPACT log file Started on Tue Jan 28 15:57:17 2014

// *** BATCH CMD : setMode -bs
// *** BATCH CMD : setMode -bs
GUI --- Auto connect to cable...
// *** BATCH CMD : setCable -port auto
AutoDetecting cable. Please wait.
PROGRESS_START - Starting Operation.
Connecting to cable (Parallel Port - LPT1).
Checking cable driver.
 Driver windrvr6.sys version = 9.0.0.0. WinDriver v9.00 Jungo (c) 1997 - 2007 Build Date: Mar 27 2007 X86 32bit SYS13:58:07, version = 900.
 LPT base address = 0378h.
 ECP base address = 0778h.
Cable connection failed.
Connecting to cable (Parallel Port - LPT2).
Checking cable driver.
 Driver windrvr6.sys version = 9.0.0.0. WinDriver v9.00 Jungo (c) 1997 - 2007 Build Date: Mar 27 2007 X86 32bit SYS13:58:07, version = 900.
Cable connection failed.
Connecting to cable (Parallel Port - LPT3).
Checking cable driver.
 Driver windrvr6.sys version = 9.0.0.0. WinDriver v9.00 Jungo (c) 1997 - 2007 Build Date: Mar 27 2007 X86 32bit SYS13:58:07, version = 900.
Cable connection failed.
Connecting to cable (Parallel Port - LPT4).
Checking cable driver.
 Driver windrvr6.sys version = 9.0.0.0. WinDriver v9.00 Jungo (c) 1997 - 2007 Build Date: Mar 27 2007 X86 32bit SYS13:58:07, version = 900.
Cable connection failed.
Connecting to cable (Usb Port - USB21).
Checking cable driver.
 Driver file xusb_xlp.sys found.
 Driver version: src=1029, dest=1029.
 Driver windrvr6.sys version = 9.0.0.0. WinDriver v9.00 Jungo (c) 1997 - 2007 Build Date: Mar 27 2007 X86 32bit SYS13:58:07, version = 900.
 Cable PID = 0008.
 Max current requested during enumeration is 74 mA.
Type = 0x0004.
 Cable Type = 3, Revision = 0.
 Setting cable speed to 6 MHz.
Cable connection established.
Firmware version = 1303.
File version of C:/Xilinx/10.1/ISE/data/xusb_xlp.hex = 1303.
Firmware hex file version = 1303.
PLD file version = 0012h.
 PLD version = 0012h.
PROGRESS_END - End Operation.
Elapsed time =      1 sec.
Attempting to identify devices in the boundary-scan chain configuration...// *** BATCH CMD : Identify 
PROGRESS_START - Starting Operation.
Identifying chain contents ....'1': : Manufacturer's ID =Xilinx xc2s200, Version : 8
INFO:iMPACT:1777 - 
   Reading C:/Xilinx/10.1/ISE/spartan2/data/xc2s200.bsd...
INFO:iMPACT:501 - '1': Added Device xc2s200 successfully.
----------------------------------------------------------------------
----------------------------------------------------------------------
done.
PROGRESS_END - End Operation.
Elapsed time =      0 sec.
// *** BATCH CMD : identifyMPM 
// *** BATCH CMD : assignFile -p 1 -file "C:/Documents andSettings/kloftis/Desktop/CENG 450 - KL/count_mem_sch/count_mem.bit"
'1': Loading file 'C:/Documents and Settings/kloftis/Desktop/CENG 450 -KL/count_mem_sch/count_mem.bit' ...
done.
INFO:iMPACT:501 - '1': Added Device xc2s200 successfully.
----------------------------------------------------------------------
----------------------------------------------------------------------
// *** BATCH CMD : Program -p 1 
Maximum TCK operating frequency for this device chain: 33000000.
Validating chain...
Boundary-scan chain validated successfully.
'1': Programming device...
PROGRESS_START - Starting Operation.
done.
INFO:iMPACT:579 - '1': Completed downloading bit file to device.
PROGRESS_END - End Operation.
Elapsed time =      1 sec.
// *** BATCH CMD : saveProjectFile -file "C:/Documents andSettings/kloftis/Desktop/CENG 450 - KL/count_mem_sch/count_mem_sch.ipf"
// *** BATCH CMD : setMode -bs
// *** BATCH CMD : deleteDevice -position 1
// *** BATCH CMD : setMode -ss
// *** BATCH CMD : setMode -sm
// *** BATCH CMD : setMode -hw140
// *** BATCH CMD : setMode -spi
// *** BATCH CMD : setMode -acecf
// *** BATCH CMD : setMode -acempm
// *** BATCH CMD : setMode -pff
// *** BATCH CMD : setMode -bs
